<?xml version="1.0" encoding="UTF-8"?>
<!-- Generated by org.testng.reporters.JUnitXMLReporter -->
<testsuite ignored="0" hostname="ARP-459" failures="1" tests="4" name="Test" time="3.111" errors="0" timestamp="2023-05-30T13:30:37 PKT">
  <testcase classname="sauceDemo.tests.CreateOrderTest" name="VerifyLogin" time="0.04">
    <failure type="java.lang.NullPointerException" message="Cannot invoke &amp;quot;org.openqa.selenium.SearchContext.findElement(org.openqa.selenium.By)&amp;quot; because &amp;quot;this.searchContext&amp;quot; is null">
      <![CDATA[java.lang.NullPointerException: Cannot invoke "org.openqa.selenium.SearchContext.findElement(org.openqa.selenium.By)" because "this.searchContext" is null
at org.openqa.selenium.support.pagefactory.DefaultElementLocator.findElement(DefaultElementLocator.java:70)
at org.openqa.selenium.support.pagefactory.internal.LocatingElementHandler.invoke(LocatingElementHandler.java:39)
at jdk.proxy2/jdk.proxy2.$Proxy11.sendKeys(Unknown Source)
at sauceDemo.pageobjects.loginPage.loginApplication(loginPage.java:38)
at sauceDemo.tests.CreateOrderTest.VerifyLogin(CreateOrderTest.java:38)
at java.base/java.util.ArrayList.forEach(ArrayList.java:1511)
... Removed 27 stack frames]]>
    </failure>
  </testcase> <!-- VerifyLogin -->
  <testcase classname="sauceDemo.tests.CreateOrderTest" name="VerifyAddingItemIntoCart" time="0.0">
    <skipped/>
  </testcase> <!-- VerifyAddingItemIntoCart -->
  <testcase classname="sauceDemo.tests.CreateOrderTest" name="VerifyCheckoutFromCart" time="0.0">
    <skipped/>
  </testcase> <!-- VerifyCheckoutFromCart -->
  <testcase classname="sauceDemo.tests.CreateOrderTest" name="VerifyOrderConfirmation" time="0.0">
    <skipped/>
  </testcase> <!-- VerifyOrderConfirmation -->
</testsuite> <!-- Test -->
